<?xml version="1.0" encoding="UTF-8"?>
<robot generator="Robot 6.0.2 (Python 3.11.3 on win32)" generated="20240105 22:18:28.081" rpa="false" schemaversion="3">
<suite id="s1" name="Projeto Estudo" source="C:\Users\ander\OneDrive\Área de Trabalho\Projeto_Estudo">
<suite id="s1-s1" name="WEB" source="C:\Users\ander\OneDrive\Área de Trabalho\Projeto_Estudo\WEB">
<suite id="s1-s1-s1" name="Robot" source="C:\Users\ander\OneDrive\Área de Trabalho\Projeto_Estudo\WEB\robot">
<suite id="s1-s1-s1-s1" name="Tests" source="C:\Users\ander\OneDrive\Área de Trabalho\Projeto_Estudo\WEB\robot\tests">
<suite id="s1-s1-s1-s1-s1" name="TestCase Banco" source="C:\Users\ander\OneDrive\Área de Trabalho\Projeto_Estudo\WEB\robot\tests\TestCase_Banco.robot">
<kw name="Run Keywords" library="BuiltIn" type="SETUP">
<arg>Acessar sistema</arg>
<doc>Executes all the given keywords in a sequence.</doc>
<kw name="Acessar sistema" library="hooks">
<kw name="Set Global Variable" library="BuiltIn">
<arg>${downloadDir}</arg>
<arg>${EXECDIR}${/}WEB${/}download</arg>
<doc>Makes a variable available globally in all tests and suites.</doc>
<msg timestamp="20240105 22:18:30.134" level="INFO">${downloadDir} = C:\Users\ander\OneDrive\Área de Trabalho\Projeto_Estudo\WEB\download</msg>
<status status="PASS" starttime="20240105 22:18:30.118" endtime="20240105 22:18:30.134"/>
</kw>
<kw name="Evaluate" library="BuiltIn">
<var>${chromeOptions}</var>
<arg>sys.modules['selenium.webdriver'].ChromeOptions()</arg>
<arg>sys, selenium.webdriver</arg>
<doc>Evaluates the given expression in Python and returns the result.</doc>
<msg timestamp="20240105 22:18:30.134" level="INFO">${chromeOptions} = &lt;selenium.webdriver.chrome.options.Options object at 0x000001ABE35D6050&gt;</msg>
<status status="PASS" starttime="20240105 22:18:30.134" endtime="20240105 22:18:30.134"/>
</kw>
<kw name="Create Dictionary" library="BuiltIn">
<var>${prefs}</var>
<arg>download.default_directory=${downloadDir}</arg>
<doc>Creates and returns a dictionary based on the given ``items``.</doc>
<msg timestamp="20240105 22:18:30.134" level="INFO">${prefs} = {'download.default_directory': 'C:\\Users\\ander\\OneDrive\\Área de Trabalho\\Projeto_Estudo\\WEB\\download'}</msg>
<status status="PASS" starttime="20240105 22:18:30.134" endtime="20240105 22:18:30.134"/>
</kw>
<kw name="Call Method" library="BuiltIn">
<arg>${chromeOptions}</arg>
<arg>add_experimental_option</arg>
<arg>prefs</arg>
<arg>${prefs}</arg>
<doc>Calls the named method of the given object with the provided arguments.</doc>
<status status="PASS" starttime="20240105 22:18:30.134" endtime="20240105 22:18:30.134"/>
</kw>
<kw name="Call Method" library="BuiltIn">
<arg>${chromeOptions}</arg>
<arg>add_argument</arg>
<arg>--disable-gpu</arg>
<doc>Calls the named method of the given object with the provided arguments.</doc>
<status status="PASS" starttime="20240105 22:18:30.134" endtime="20240105 22:18:30.134"/>
</kw>
<kw name="Call Method" library="BuiltIn">
<arg>${chromeOptions}</arg>
<arg>add_argument</arg>
<arg>--start-maximized</arg>
<doc>Calls the named method of the given object with the provided arguments.</doc>
<status status="PASS" starttime="20240105 22:18:30.134" endtime="20240105 22:18:30.134"/>
</kw>
<kw name="Open Browser" library="SeleniumLibrary">
<arg>url=${dados_banco.url}</arg>
<arg>browser=Chrome</arg>
<arg>options=${chromeOptions}</arg>
<doc>Opens a new browser instance to the optional ``url``.</doc>
<msg timestamp="20240105 22:18:30.134" level="INFO">Opening browser 'Chrome' to base url 'https://demo.testfire.net/login.jsp'.</msg>
<status status="PASS" starttime="20240105 22:18:30.134" endtime="20240105 22:19:02.987"/>
</kw>
<status status="PASS" starttime="20240105 22:18:30.118" endtime="20240105 22:19:02.987"/>
</kw>
<status status="PASS" starttime="20240105 22:18:30.118" endtime="20240105 22:19:02.987"/>
</kw>
<test id="s1-s1-s1-s1-s1-t1" name="caso 01" line="10">
<kw name="Realizar login" library="keywords_banco">
<kw name="Validar Presença" library="hooks">
<arg>locator=${banco.logoInicial}</arg>
<kw name="Wait Until Element Is Enabled" library="SeleniumLibrary">
<arg>locator=${locator}</arg>
<doc>Waits until the element ``locator`` is enabled.</doc>
<msg timestamp="20240105 22:19:10.974" level="WARN">Keyword 'Capture Page Screenshot' could not be run on failure: Message: no such window: target window already closed
from unknown error: web view not found
  (Session info: chrome=120.0.6099.130)
Stacktrace:
	GetHandleVerifier [0x00007FF707EB82B2+55298]
	(No symbol) [0x00007FF707E25E02]
	(No symbol) [0x00007FF707CE05AB]
	(No symbol) [0x00007FF707CC0038]
	(No symbol) [0x00007FF707D46BC7]
	(No symbol) [0x00007FF707D5A15F]
	(No symbol) [0x00007FF707D41E83]
	(No symbol) [0x00007FF707D1670A]
	(No symbol) [0x00007FF707D17964]
	GetHandleVerifier [0x00007FF708230AAB+3694587]
	GetHandleVerifier [0x00007FF70828728E+4048862]
	GetHandleVerifier [0x00007FF70827F173+4015811]
	GetHandleVerifier [0x00007FF707F547D6+695590]
	(No symbol) [0x00007FF707E30CE8]
	(No symbol) [0x00007FF707E2CF34]
	(No symbol) [0x00007FF707E2D062]
	(No symbol) [0x00007FF707E1D3A3]
	BaseThreadInitThunk [0x00007FFDE09B7344+20]
	RtlUserThreadStart [0x00007FFDE28626B1+33]
</msg>
<msg timestamp="20240105 22:19:11.000" level="FAIL">NoSuchWindowException: Message: no such window: target window already closed
from unknown error: web view not found
  (Session info: chrome=120.0.6099.130)
Stacktrace:
	GetHandleVerifier [0x00007FF707EB82B2+55298]
	(No symbol) [0x00007FF707E25E02]
	(No symbol) [0x00007FF707CE05AB]
	(No symbol) [0x00007FF707CC0038]
	(No symbol) [0x00007FF707D46BC7]
	(No symbol) [0x00007FF707D5A15F]
	(No symbol) [0x00007FF707D41E83]
	(No symbol) [0x00007FF707D1670A]
	(No symbol) [0x00007FF707D17964]
	GetHandleVerifier [0x00007FF708230AAB+3694587]
	GetHandleVerifier [0x00007FF70828728E+4048862]
	GetHandleVerifier [0x00007FF70827F173+4015811]
	GetHandleVerifier [0x00007FF707F547D6+695590]
	(No symbol) [0x00007FF707E30CE8]
	(No symbol) [0x00007FF707E2CF34]
	(No symbol) [0x00007FF707E2D062]
	(No symbol) [0x00007FF707E1D3A3]
	BaseThreadInitThunk [0x00007FFDE09B7344+20]
	RtlUserThreadStart [0x00007FFDE28626B1+33]
</msg>
<status status="FAIL" starttime="20240105 22:19:02.993" endtime="20240105 22:19:11.230"/>
</kw>
<kw name="Scroll Element Into View" library="SeleniumLibrary">
<arg>locator=${locator}</arg>
<doc>Scrolls the element identified by ``locator`` into view.</doc>
<status status="NOT RUN" starttime="20240105 22:19:11.231" endtime="20240105 22:19:11.231"/>
</kw>
<kw name="Element Should Be Visible" library="SeleniumLibrary">
<arg>locator=${locator}</arg>
<doc>Verifies that the element identified by ``locator`` is visible.</doc>
<status status="NOT RUN" starttime="20240105 22:19:11.231" endtime="20240105 22:19:11.231"/>
</kw>
<status status="FAIL" starttime="20240105 22:19:02.990" endtime="20240105 22:19:11.231"/>
</kw>
<kw name="Input Text" library="SeleniumLibrary">
<arg>locator=${banco.cmpLogin}</arg>
<arg>text=${Dados_Pessoa}[CPF]</arg>
<arg>clear=True</arg>
<doc>Types the given ``text`` into the text field identified by ``locator``.</doc>
<status status="NOT RUN" starttime="20240105 22:19:11.232" endtime="20240105 22:19:11.232"/>
</kw>
<kw name="Sleep" library="BuiltIn">
<arg>5s</arg>
<doc>Pauses the test executed for the given time.</doc>
<status status="NOT RUN" starttime="20240105 22:19:11.232" endtime="20240105 22:19:11.232"/>
</kw>
<kw name="Preencher Campo" library="hooks">
<arg>locator=${banco.cmpSenha}</arg>
<arg>text=${dados_banco.passw}</arg>
<status status="NOT RUN" starttime="20240105 22:19:11.232" endtime="20240105 22:19:11.232"/>
</kw>
<kw name="Clicar em" library="hooks">
<arg>locator=${banco.btnLogin}</arg>
<status status="NOT RUN" starttime="20240105 22:19:11.232" endtime="20240105 22:19:11.232"/>
</kw>
<status status="FAIL" starttime="20240105 22:19:02.989" endtime="20240105 22:19:11.233"/>
</kw>
<tag>banco</tag>
<status status="FAIL" starttime="20240105 22:19:02.988" endtime="20240105 22:19:11.234">NoSuchWindowException: Message: no such window: target window already closed
from unknown error: web view not found
  (Session info: chrome=120.0.6099.130)
Stacktrace:
	GetHandleVerifier [0x00007FF707EB82B2+55298]
	(No symbol) [0x00007FF707E25E02]
	(No symbol) [0x00007FF707CE05AB]
	(No symbol) [0x00007FF707CC0038]
	(No symbol) [0x00007FF707D46BC7]
	(No symbol) [0x00007FF707D5A15F]
	(No symbol) [0x00007FF707D41E83]
	(No symbol) [0x00007FF707D1670A]
	(No symbol) [0x00007FF707D17964]
	GetHandleVerifier [0x00007FF708230AAB+3694587]
	GetHandleVerifier [0x00007FF70828728E+4048862]
	GetHandleVerifier [0x00007FF70827F173+4015811]
	GetHandleVerifier [0x00007FF707F547D6+695590]
	(No symbol) [0x00007FF707E30CE8]
	(No symbol) [0x00007FF707E2CF34]
	(No symbol) [0x00007FF707E2D062]
	(No symbol) [0x00007FF707E1D3A3]
	BaseThreadInitThunk [0x00007FFDE09B7344+20]
	RtlUserThreadStart [0x00007FFDE28626B1+33]
</status>
</test>
<kw name="Close All Browsers" library="SeleniumLibrary" type="TEARDOWN">
<doc>Closes all open browsers and resets the browser cache.</doc>
<status status="PASS" starttime="20240105 22:19:11.241" endtime="20240105 22:19:13.379"/>
</kw>
<status status="FAIL" starttime="20240105 22:18:28.141" endtime="20240105 22:19:13.379"/>
</suite>
<status status="FAIL" starttime="20240105 22:18:28.138" endtime="20240105 22:19:13.387"/>
</suite>
<status status="FAIL" starttime="20240105 22:18:28.128" endtime="20240105 22:19:13.391"/>
</suite>
<status status="FAIL" starttime="20240105 22:18:28.128" endtime="20240105 22:19:13.395"/>
</suite>
<status status="FAIL" starttime="20240105 22:18:28.097" endtime="20240105 22:19:13.398"/>
</suite>
<statistics>
<total>
<stat pass="0" fail="1" skip="0">All Tests</stat>
</total>
<tag>
<stat pass="0" fail="1" skip="0">banco</stat>
</tag>
<suite>
<stat pass="0" fail="1" skip="0" id="s1" name="Projeto Estudo">Projeto Estudo</stat>
<stat pass="0" fail="1" skip="0" id="s1-s1" name="WEB">Projeto Estudo.WEB</stat>
<stat pass="0" fail="1" skip="0" id="s1-s1-s1" name="Robot">Projeto Estudo.WEB.Robot</stat>
<stat pass="0" fail="1" skip="0" id="s1-s1-s1-s1" name="Tests">Projeto Estudo.WEB.Robot.Tests</stat>
<stat pass="0" fail="1" skip="0" id="s1-s1-s1-s1-s1" name="TestCase Banco">Projeto Estudo.WEB.Robot.Tests.TestCase Banco</stat>
</suite>
</statistics>
<errors>
<msg timestamp="20240105 22:19:10.974" level="WARN">Keyword 'Capture Page Screenshot' could not be run on failure: Message: no such window: target window already closed
from unknown error: web view not found
  (Session info: chrome=120.0.6099.130)
Stacktrace:
	GetHandleVerifier [0x00007FF707EB82B2+55298]
	(No symbol) [0x00007FF707E25E02]
	(No symbol) [0x00007FF707CE05AB]
	(No symbol) [0x00007FF707CC0038]
	(No symbol) [0x00007FF707D46BC7]
	(No symbol) [0x00007FF707D5A15F]
	(No symbol) [0x00007FF707D41E83]
	(No symbol) [0x00007FF707D1670A]
	(No symbol) [0x00007FF707D17964]
	GetHandleVerifier [0x00007FF708230AAB+3694587]
	GetHandleVerifier [0x00007FF70828728E+4048862]
	GetHandleVerifier [0x00007FF70827F173+4015811]
	GetHandleVerifier [0x00007FF707F547D6+695590]
	(No symbol) [0x00007FF707E30CE8]
	(No symbol) [0x00007FF707E2CF34]
	(No symbol) [0x00007FF707E2D062]
	(No symbol) [0x00007FF707E1D3A3]
	BaseThreadInitThunk [0x00007FFDE09B7344+20]
	RtlUserThreadStart [0x00007FFDE28626B1+33]
</msg>
</errors>
</robot>
